<?xml version="1.0" ?>
<!DOCTYPE coverage SYSTEM "http://cobertura.sourceforge.net/xml/coverage-04.dtd">
<coverage lines-valid="12" lines-covered="12" line-rate="1" branches-valid="4" branches-covered="4" branch-rate="1" timestamp="1751945672606" complexity="0" version="0.1">
  <sources>
    <source>C:\Users\Felip\Documents\seg quality assurance\Wordle</source>
  </sources>
  <packages>
    <package name="main" line-rate="1" branch-rate="1">
      <classes>
        <class name="utils.js" filename="utils.js" line-rate="1" branch-rate="1">
          <methods>
            <method name="isLetter" hits="3" signature="()V">
              <lines>
                <line number="1" hits="3"/>
              </lines>
            </method>
            <method name="getNumOfOccurrencesInWord" hits="2" signature="()V">
              <lines>
                <line number="5" hits="2"/>
              </lines>
            </method>
            <method name="getPositionOfOccurrence" hits="2" signature="()V">
              <lines>
                <line number="15" hits="2"/>
              </lines>
            </method>
          </methods>
          <lines>
            <line number="2" hits="3" branch="false"/>
            <line number="6" hits="2" branch="false"/>
            <line number="7" hits="2" branch="false"/>
            <line number="8" hits="11" branch="true" condition-coverage="100% (2/2)"/>
            <line number="9" hits="3" branch="false"/>
            <line number="12" hits="2" branch="false"/>
            <line number="16" hits="2" branch="false"/>
            <line number="17" hits="2" branch="false"/>
            <line number="18" hits="8" branch="true" condition-coverage="100% (2/2)"/>
            <line number="19" hits="4" branch="false"/>
            <line number="22" hits="2" branch="false"/>
            <line number="25" hits="1" branch="false"/>
          </lines>
        </class>
      </classes>
    </package>
  </packages>
</coverage>
